Script called with action: add
Posts directory: /home/mauro/Scrivania/dJANGO_apI/progetto_api/sgb_start/content/contenuti
Creating or updating post with name: crepis_neglecta_l.md
Image link: https://www.actaplantarum.org/z_forum/immag/imm.php?i=676352
Nation: Default Nation, Capital: Default Capital
Post 'crepis_neglecta_l.md' has been created or updated at /home/mauro/Scrivania/dJANGO_apI/progetto_api/sgb_start/content/contenuti/crepis_neglecta_l.md.
Script called with action: update
Posts directory: /home/mauro/Scrivania/dJANGO_apI/progetto_api/sgb_start/content/contenuti
Creating or updating post with name: crepis_neglecta_l.md
Image link: https://www.actaplantarum.org/z_forum/immag/imm.php?i=676352
Nation: Default Nation, Capital: Default Capital
Post 'crepis_neglecta_l.md' has been created or updated at /home/mauro/Scrivania/dJANGO_apI/progetto_api/sgb_start/content/contenuti/crepis_neglecta_l.md.
Script called with action: delete
Posts directory: /home/mauro/Scrivania/dJANGO_apI/progetto_api/sgb_start/content/contenuti
Deleting post with name: crepis_neglecta_l.md
Post '/home/mauro/Scrivania/dJANGO_apI/progetto_api/sgb_start/content/contenuti/crepis_neglecta_l.md' has been deleted.
Script called with action: delete
Posts directory: /home/mauro/Scrivania/dJANGO_apI/progetto_api/sgb_start/content/contenuti
Deleting post with name: crepis_neglecta_l.md
Post '/home/mauro/Scrivania/dJANGO_apI/progetto_api/sgb_start/content/contenuti/crepis_neglecta_l.md' does not exist.
Script called with action: delete
Posts directory: /home/mauro/Scrivania/dJANGO_apI/progetto_api/sgb_start/content/contenuti
Deleting post with name: crepis_neglecta_l.md
Post '/home/mauro/Scrivania/dJANGO_apI/progetto_api/sgb_start/content/contenuti/crepis_neglecta_l.md' does not exist.
Script called with action: delete
Posts directory: /home/mauro/Scrivania/dJANGO_apI/progetto_api/sgb_start/content/contenuti
Deleting post with name: crepis_neglecta_l.md
Post '/home/mauro/Scrivania/dJANGO_apI/progetto_api/sgb_start/content/contenuti/crepis_neglecta_l.md' does not exist.
Post 'crepis_neglecta.md' has been created or updated at /home/mauro/Scrivania/dJANGO_apI/progetto_api/sgb_start/content/contenuti/crepis_neglecta.md.
Synchronizing content and public directories...
sending incremental file list
deleting virietta/index.html
deleting virietta/
deleting viria/index.html
deleting viria/
deleting viria.md/index.html
deleting viria.md/
deleting virella/index.html
deleting virella/
deleting solonacee/index.html
deleting solonacee/
deleting search/index.html
deleting search/
deleting sample_post/index.html
deleting sample_post/
deleting rosaceae/index.html
deleting rosaceae/
deleting radichiella_di_dioscoride/index.html
deleting radichiella_di_dioscoride/
deleting provolino/index.html
deleting provolino/
deleting provoletta/index.html
deleting provoletta/
deleting prova_dopo_ind/index.html
deleting prova_dopo_ind/
deleting prova1.md/index.html
deleting prova1.md/
deleting post_number_1/index.html
deleting post_number_1/
deleting post_di_prova/index.html
deleting post_di_prova/
deleting poaceae/index.html
deleting poaceae/
deleting piruna/index.html
deleting piruna/
deleting piripicchio/index.html
deleting piripicchio/
deleting piripacchio/index.html
deleting piripacchio/
deleting pippo/index.html
deleting pippo/
deleting pimpinella/index.html
deleting pimpinella/
deleting picris/index.html
deleting picris/
deleting piante_grasse/index.html
deleting piante_grasse/
deleting pecorino/index.html
deleting pecorino/
deleting page/2/index.html
deleting page/2/
deleting page/1/index.html
deleting page/1/
deleting page/
deleting nolo/index.html
deleting nolo/
deleting nillo/index.html
deleting nillo/
deleting new_post/index.html
deleting new_post/
deleting miruccio/index.html
deleting miruccio/
deleting mirino/index.html
deleting mirino/
deleting miretta/index.html
deleting miretta/
deleting mirella/index.html
deleting mirella/
deleting maputo1/index.html
deleting maputo1/
deleting mappa/index.html
deleting mappa/
deleting malvaceae/index.html
deleting malvaceae/
deleting laminacee/index.html
deleting laminacee/
deleting il_mio_secondo_post-copy/index.html
deleting il_mio_secondo_post-copy/
deleting il_mio_secondo_post-/index.html
deleting il_mio_secondo_post-/
deleting il_mio_quauato_post/index.html
deleting il_mio_quauato_post/
deleting il_mio_primo_post/index.html
deleting il_mio_primo_post/
deleting il_mio_primo_post-copy/index.html
deleting il_mio_primo_post-copy/
deleting hhh/index.html
deleting hhh/
deleting gigi/index.html
deleting gigi/
deleting fico/index.html
deleting fico/
deleting fica/index.html
deleting fica/
deleting fagiolo/index.html
deleting fagiolo/
deleting ericacee/index.html
deleting ericacee/
deleting drupacee/index.html
deleting drupacee/
deleting diegi.md/index.html
deleting diegi.md/
deleting cyperaceae/index.html
deleting cyperaceae/
deleting crepis_sancta/index.html
deleting crepis_sancta/
deleting crepis_pulchra/index.html
deleting crepis_pulchra/
deleting crepis_neglecta_l/index.html
deleting crepis_neglecta_l/
deleting crepis_neglecta/index.html
deleting crepis_neglecta/
deleting crepis_aurea/index.html
deleting crepis_aurea/
deleting ciperacee/index.html
deleting ciperacee/
deleting cichorium_intybus_l/index.html
deleting cichorium_intybus_l/
deleting cichorium_endivia_l/index.html
deleting cichorium_endivia_l/
deleting caryophyllaceae/index.html
deleting caryophyllaceae/
deleting brassicaceae/index.html
deleting brassicaceae/
deleting boraginaceae/index.html
deleting boraginaceae/
deleting bbf/index.html
deleting bbf/
deleting bbd/index.html
deleting bbd/
deleting bbc_prova/index.html
deleting bbc_prova/
deleting bb_prova/index.html
deleting bb_prova/
deleting asteracee/index.html
deleting asteracee/
deleting archives/index.html
deleting archives/
deleting aquifoliacee/index.html
deleting aquifoliacee/
deleting apocinacee/index.html
deleting apocinacee/
deleting apiacee/index.html
deleting apiacee/
deleting anacardiacee/index.html
deleting anacardiacee/
deleting amarillidacee/index.html
deleting amarillidacee/
deleting amarantacee/index.html
deleting amarantacee/
deleting aglio/index.html
deleting aglio/
deleting aceracee/index.html
deleting aceracee/
deleting acantacee/index.html
deleting acantacee/
deleting about_map/about/index.html
deleting about_map/about/
deleting about_map/
deleting about/index.html
deleting about/
deleting aa_primo_post/index.html
deleting aa_primo_post/
deleting manage_posts.log
deleting index.xml
deleting index.html
deleting dir/search/index.html
deleting dir/search/
deleting dir/page/1/index.html
deleting dir/page/1/
deleting dir/page/
deleting dir/ilil_mio_quarto_post/index.html
deleting dir/ilil_mio_quarto_post/
deleting dir/il_mio_terzo_post/index.html
deleting dir/il_mio_terzo_post/
deleting dir/il_index/index.html
deleting dir/il_index/
deleting dir/index.xml
deleting dir/index.html
./
_index.md
crepis_neglecta.md
radichiella_di_dioscoride.md
dir/_index.md

sent 1,611 bytes  received 3,656 bytes  10,534.00 bytes/sec
total size is 1,220  speedup is 0.23
Synchronization complete.
Regenerating public directory with Hugo...
Total in 2 ms
Error: Unable to locate config file or config directory. Perhaps you need to create a new site.
Run `hugo help new` for details.
Hugo regeneration complete.
Post '/home/mauro/Scrivania/dJANGO_apI/progetto_api/sgb_start/content/contenuti/crepis_neglecta.md' has been deleted.
Synchronizing content and public directories...
sending incremental file list
deleting radichiella_di_dioscoride/index.html
deleting radichiella_di_dioscoride/
deleting page/1/index.html
deleting page/1/
deleting page/
deleting crepis_neglecta/index.html
deleting crepis_neglecta/
deleting index.xml
deleting index.html
deleting crepis_neglecta.md
deleting dir/page/1/index.html
deleting dir/page/1/
deleting dir/page/
deleting dir/index.xml
deleting dir/index.html
./
dir/

sent 173 bytes  received 317 bytes  980.00 bytes/sec
total size is 725  speedup is 1.48
Synchronization complete.
Regenerating public directory with Hugo...
Total in 2 ms
Error: Unable to locate config file or config directory. Perhaps you need to create a new site.
Run `hugo help new` for details.
Hugo regeneration complete.
